<?xml version="1.0" encoding="UTF-8"?>
<!-- Generated by org.testng.reporters.JUnitReportReporter -->
<testsuite hostname="DESKTOP-5PUJI8S" failures="0" tests="2" name="Selenium_Technologies.Jala_technologies.testjalatechnologies" time="49.580" errors="0" timestamp="2023-03-03T12:14:54 IST" skipped="0">
  <testcase classname="Selenium_Technologies.Jala_technologies.testjalatechnologies" name="testRun" time="41.383"/>
  <system-out/>
  <testcase classname="Selenium_Technologies.Jala_technologies.testjalatechnologies" name="browserlaunch" time="8.197"/>
  <system-out/>
</testsuite> <!-- Selenium_Technologies.Jala_technologies.testjalatechnologies -->
